<?xml version="1.0" encoding="UTF-8"?>
<testsuite name="agh.ics.oop.OptionsParserTest" tests="7" skipped="0" failures="0" errors="0" timestamp="2022-11-08T12:26:23" hostname="DESKTOP-4ITNNLQ" time="0.03">
  <properties/>
  <testcase name="parseFull()" classname="agh.ics.oop.OptionsParserTest" time="0.02"/>
  <testcase name="parseNone()" classname="agh.ics.oop.OptionsParserTest" time="0.001"/>
  <testcase name="parseMixed()" classname="agh.ics.oop.OptionsParserTest" time="0.001"/>
  <testcase name="parseShort()" classname="agh.ics.oop.OptionsParserTest" time="0.001"/>
  <testcase name="parseNoneMix()" classname="agh.ics.oop.OptionsParserTest" time="0.001"/>
  <testcase name="parseUpperShort()" classname="agh.ics.oop.OptionsParserTest" time="0.003"/>
  <testcase name="parseUpperFull()" classname="agh.ics.oop.OptionsParserTest" time="0.001"/>
  <system-out><![CDATA[]]></system-out>
  <system-err><![CDATA[]]></system-err>
</testsuite>
