<?xml version="1.0" encoding="UTF-8"?>
<testsuite name="agh.ics.oop.RectangularMapTest" tests="6" skipped="0" failures="0" errors="0" timestamp="2022-11-13T23:35:16" hostname="DESKTOP-4ITNNLQ" time="0.048">
  <properties/>
  <testcase name="testMap()" classname="agh.ics.oop.RectangularMapTest" time="0.02"/>
  <testcase name="testToString()" classname="agh.ics.oop.RectangularMapTest" time="0.019"/>
  <testcase name="canMoveTo()" classname="agh.ics.oop.RectangularMapTest" time="0.002"/>
  <testcase name="isOccupied()" classname="agh.ics.oop.RectangularMapTest" time="0.001"/>
  <testcase name="objectAt()" classname="agh.ics.oop.RectangularMapTest" time="0.002"/>
  <testcase name="place()" classname="agh.ics.oop.RectangularMapTest" time="0.0"/>
  <system-out><![CDATA[]]></system-out>
  <system-err><![CDATA[]]></system-err>
</testsuite>
