<?xml version="1.0" encoding="UTF-8"?>
<testsuite name="agh.ics.oop.SimulationEngineTest" tests="4" skipped="0" failures="0" errors="0" timestamp="2022-11-09T13:32:02" hostname="DESKTOP-4ITNNLQ" time="0.132">
  <properties/>
  <testcase name="run()" classname="agh.ics.oop.SimulationEngineTest" time="0.055"/>
  <testcase name="run3()" classname="agh.ics.oop.SimulationEngineTest" time="0.016"/>
  <testcase name="run4()" classname="agh.ics.oop.SimulationEngineTest" time="0.024"/>
  <testcase name="run5()" classname="agh.ics.oop.SimulationEngineTest" time="0.034"/>
  <system-out><![CDATA[(2,2)
 y\x  0 1 2 3 4
  5: -----------
  4: | | | | | |
  3: | | | | | |
  2: | | |N| | |
  1: | | | | | |
  0: | | | | | |
 -1: -----------

 y\x  0 1 2 3 4
  5: -----------
  4: | | | | | |
  3: | | |N| | |
  2: | | | | | |
  1: | | | | | |
  0: | | | | | |
 -1: -----------

 y\x  0 1 2 3 4
  5: -----------
  4: | | |N| | |
  3: | | | | | |
  2: | | | | | |
  1: | | | | | |
  0: | | | | | |
 -1: -----------

 y\x  0 1 2 3 4
  5: -----------
  4: | | |N| | |
  3: | | | | | |
  2: | | | | | |
  1: | | | | | |
  0: | | | | | |
 -1: -----------

 y\x  0 1 2 3 4
  5: -----------
  4: | | |E| | |
  3: | | | | | |
  2: | | | | | |
  1: | | | | | |
  0: | | | | | |
 -1: -----------

 y\x  0 1 2 3 4
  5: -----------
  4: | | |S| | |
  3: | | | | | |
  2: | | | | | |
  1: | | | | | |
  0: | | | | | |
 -1: -----------

 y\x  0 1 2 3 4
  5: -----------
  4: | | |S| | |
  3: | | | | | |
  2: | | | | | |
  1: | | | | | |
  0: | | | | | |
 -1: -----------

(3,4)
 y\x  0 1 2 3 4 5
  6: -------------
  5: | | | | | | |
  4: | | | |N| | |
  3: | | | | | | |
  2: | | | | | | |
  1: | | | | | | |
  0: | | | | | | |
 -1: -------------

 y\x  0 1 2 3 4 5
  6: -------------
  5: | | | |N| | |
  4: | | | | | | |
  3: | | | | | | |
  2: | | | | | | |
  1: | | | | | | |
  0: | | | | | | |
 -1: -------------

 y\x  0 1 2 3 4 5
  6: -------------
  5: | | | |E| | |
  4: | | | | | | |
  3: | | | | | | |
  2: | | | | | | |
  1: | | | | | | |
  0: | | | | | | |
 -1: -------------

 y\x  0 1 2 3 4 5
  6: -------------
  5: | | | | |E| |
  4: | | | | | | |
  3: | | | | | | |
  2: | | | | | | |
  1: | | | | | | |
  0: | | | | | | |
 -1: -------------

 y\x  0 1 2 3 4 5
  6: -------------
  5: | | | | |S| |
  4: | | | | | | |
  3: | | | | | | |
  2: | | | | | | |
  1: | | | | | | |
  0: | | | | | | |
 -1: -------------

 y\x  0 1 2 3 4 5
  6: -------------
  5: | | | | | | |
  4: | | | | |S| |
  3: | | | | | | |
  2: | | | | | | |
  1: | | | | | | |
  0: | | | | | | |
 -1: -------------

 y\x  0 1 2 3 4 5
  6: -------------
  5: | | | | |S| |
  4: | | | | | | |
  3: | | | | | | |
  2: | | | | | | |
  1: | | | | | | |
  0: | | | | | | |
 -1: -------------

(2,2)
(3,4)
 y\x  0 1 2 3 4
  8: -----------
  7: | | | | | |
  6: | | | | | |
  5: | | | | | |
  4: | | | |N| |
  3: | | | | | |
  2: | | |N| | |
  1: | | | | | |
  0: | | | | | |
 -1: -----------

 y\x  0 1 2 3 4
  8: -----------
  7: | | | | | |
  6: | | | | | |
  5: | | | | | |
  4: | | | |N| |
  3: | | | | | |
  2: | | |W| | |
  1: | | | | | |
  0: | | | | | |
 -1: -----------

 y\x  0 1 2 3 4
  8: -----------
  7: | | | | | |
  6: | | | | | |
  5: | | | |N| |
  4: | | | | | |
  3: | | | | | |
  2: | | |W| | |
  1: | | | | | |
  0: | | | | | |
 -1: -----------

 y\x  0 1 2 3 4
  8: -----------
  7: | | | | | |
  6: | | | | | |
  5: | | | |N| |
  4: | | | | | |
  3: | | | | | |
  2: | | |N| | |
  1: | | | | | |
  0: | | | | | |
 -1: -----------

 y\x  0 1 2 3 4
  8: -----------
  7: | | | | | |
  6: | | | | | |
  5: | | | |E| |
  4: | | | | | |
  3: | | | | | |
  2: | | |N| | |
  1: | | | | | |
  0: | | | | | |
 -1: -----------

 y\x  0 1 2 3 4
  8: -----------
  7: | | | | | |
  6: | | | | | |
  5: | | | |E| |
  4: | | | | | |
  3: | | | | | |
  2: | | |E| | |
  1: | | | | | |
  0: | | | | | |
 -1: -----------

 y\x  0 1 2 3 4
  8: -----------
  7: | | | | | |
  6: | | | | | |
  5: | | |E| | |
  4: | | | | | |
  3: | | | | | |
  2: | | |E| | |
  1: | | | | | |
  0: | | | | | |
 -1: -----------

 y\x  0 1 2 3 4
  8: -----------
  7: | | | | | |
  6: | | | | | |
  5: | | |E| | |
  4: | | | | | |
  3: | | | | | |
  2: | | | |E| |
  1: | | | | | |
  0: | | | | | |
 -1: -----------

 y\x  0 1 2 3 4
  8: -----------
  7: | | | | | |
  6: | | | | | |
  5: | | |S| | |
  4: | | | | | |
  3: | | | | | |
  2: | | | |E| |
  1: | | | | | |
  0: | | | | | |
 -1: -----------

 y\x  0 1 2 3 4
  8: -----------
  7: | | | | | |
  6: | | | | | |
  5: | | |S| | |
  4: | | | | | |
  3: | | | | | |
  2: | | | | |E|
  1: | | | | | |
  0: | | | | | |
 -1: -----------

 y\x  0 1 2 3 4
  8: -----------
  7: | | | | | |
  6: | | | | | |
  5: | | |W| | |
  4: | | | | | |
  3: | | | | | |
  2: | | | | |E|
  1: | | | | | |
  0: | | | | | |
 -1: -----------

 y\x  0 1 2 3 4
  8: -----------
  7: | | | | | |
  6: | | | | | |
  5: | | |W| | |
  4: | | | | | |
  3: | | | | | |
  2: | | | | |E|
  1: | | | | | |
  0: | | | | | |
 -1: -----------

 y\x  0 1 2 3 4
  8: -----------
  7: | | | | | |
  6: | | | | | |
  5: | | | |W| |
  4: | | | | | |
  3: | | | | | |
  2: | | | | |E|
  1: | | | | | |
  0: | | | | | |
 -1: -----------

(2,1)
(3,7)
(4,4)
 y\x  0 1 2 3 4 5 6
 11: ---------------
 10: | | | | | | | |
  9: | | | | | | | |
  8: | | | | | | | |
  7: | | | |N| | | |
  6: | | | | | | | |
  5: | | | | | | | |
  4: | | | | |N| | |
  3: | | | | | | | |
  2: | | | | | | | |
  1: | | |N| | | | |
  0: | | | | | | | |
 -1: ---------------

 y\x  0 1 2 3 4 5 6
 11: ---------------
 10: | | | | | | | |
  9: | | | | | | | |
  8: | | | | | | | |
  7: | | | |N| | | |
  6: | | | | | | | |
  5: | | | | | | | |
  4: | | | | |N| | |
  3: | | | | | | | |
  2: | | |N| | | | |
  1: | | | | | | | |
  0: | | | | | | | |
 -1: ---------------

 y\x  0 1 2 3 4 5 6
 11: ---------------
 10: | | | | | | | |
  9: | | | | | | | |
  8: | | | |N| | | |
  7: | | | | | | | |
  6: | | | | | | | |
  5: | | | | | | | |
  4: | | | | |N| | |
  3: | | | | | | | |
  2: | | |N| | | | |
  1: | | | | | | | |
  0: | | | | | | | |
 -1: ---------------

 y\x  0 1 2 3 4 5 6
 11: ---------------
 10: | | | | | | | |
  9: | | | | | | | |
  8: | | | |N| | | |
  7: | | | | | | | |
  6: | | | | | | | |
  5: | | | | |N| | |
  4: | | | | | | | |
  3: | | | | | | | |
  2: | | |N| | | | |
  1: | | | | | | | |
  0: | | | | | | | |
 -1: ---------------

 y\x  0 1 2 3 4 5 6
 11: ---------------
 10: | | | | | | | |
  9: | | | | | | | |
  8: | | | |N| | | |
  7: | | | | | | | |
  6: | | | | | | | |
  5: | | | | |N| | |
  4: | | | | | | | |
  3: | | | | | | | |
  2: | | |W| | | | |
  1: | | | | | | | |
  0: | | | | | | | |
 -1: ---------------

 y\x  0 1 2 3 4 5 6
 11: ---------------
 10: | | | | | | | |
  9: | | | |N| | | |
  8: | | | | | | | |
  7: | | | | | | | |
  6: | | | | | | | |
  5: | | | | |N| | |
  4: | | | | | | | |
  3: | | | | | | | |
  2: | | |W| | | | |
  1: | | | | | | | |
  0: | | | | | | | |
 -1: ---------------

 y\x  0 1 2 3 4 5 6
 11: ---------------
 10: | | | | | | | |
  9: | | | |N| | | |
  8: | | | | | | | |
  7: | | | | | | | |
  6: | | | | | | | |
  5: | | | | |E| | |
  4: | | | | | | | |
  3: | | | | | | | |
  2: | | |W| | | | |
  1: | | | | | | | |
  0: | | | | | | | |
 -1: ---------------

 y\x  0 1 2 3 4 5 6
 11: ---------------
 10: | | | | | | | |
  9: | | | |N| | | |
  8: | | | | | | | |
  7: | | | | | | | |
  6: | | | | | | | |
  5: | | | | |E| | |
  4: | | | | | | | |
  3: | | | | | | | |
  2: | | |N| | | | |
  1: | | | | | | | |
  0: | | | | | | | |
 -1: ---------------

 y\x  0 1 2 3 4 5 6
 11: ---------------
 10: | | | | | | | |
  9: | | | |E| | | |
  8: | | | | | | | |
  7: | | | | | | | |
  6: | | | | | | | |
  5: | | | | |E| | |
  4: | | | | | | | |
  3: | | | | | | | |
  2: | | |N| | | | |
  1: | | | | | | | |
  0: | | | | | | | |
 -1: ---------------

 y\x  0 1 2 3 4 5 6
 11: ---------------
 10: | | | | | | | |
  9: | | | |E| | | |
  8: | | | | | | | |
  7: | | | | | | | |
  6: | | | | | | | |
  5: | | | |E| | | |
  4: | | | | | | | |
  3: | | | | | | | |
  2: | | |N| | | | |
  1: | | | | | | | |
  0: | | | | | | | |
 -1: ---------------

 y\x  0 1 2 3 4 5 6
 11: ---------------
 10: | | | | | | | |
  9: | | | |E| | | |
  8: | | | | | | | |
  7: | | | | | | | |
  6: | | | | | | | |
  5: | | | |E| | | |
  4: | | | | | | | |
  3: | | |N| | | | |
  2: | | | | | | | |
  1: | | | | | | | |
  0: | | | | | | | |
 -1: ---------------

 y\x  0 1 2 3 4 5 6
 11: ---------------
 10: | | | | | | | |
  9: | | | |S| | | |
  8: | | | | | | | |
  7: | | | | | | | |
  6: | | | | | | | |
  5: | | | |E| | | |
  4: | | | | | | | |
  3: | | |N| | | | |
  2: | | | | | | | |
  1: | | | | | | | |
  0: | | | | | | | |
 -1: ---------------

 y\x  0 1 2 3 4 5 6
 11: ---------------
 10: | | | | | | | |
  9: | | | |S| | | |
  8: | | | | | | | |
  7: | | | | | | | |
  6: | | | | | | | |
  5: | | | | |E| | |
  4: | | | | | | | |
  3: | | |N| | | | |
  2: | | | | | | | |
  1: | | | | | | | |
  0: | | | | | | | |
 -1: ---------------

 y\x  0 1 2 3 4 5 6
 11: ---------------
 10: | | | | | | | |
  9: | | | |S| | | |
  8: | | | | | | | |
  7: | | | | | | | |
  6: | | | | | | | |
  5: | | | | |E| | |
  4: | | | | | | | |
  3: | | |E| | | | |
  2: | | | | | | | |
  1: | | | | | | | |
  0: | | | | | | | |
 -1: ---------------

 y\x  0 1 2 3 4 5 6
 11: ---------------
 10: | | | | | | | |
  9: | | | | | | | |
  8: | | | |S| | | |
  7: | | | | | | | |
  6: | | | | | | | |
  5: | | | | |E| | |
  4: | | | | | | | |
  3: | | |E| | | | |
  2: | | | | | | | |
  1: | | | | | | | |
  0: | | | | | | | |
 -1: ---------------

 y\x  0 1 2 3 4 5 6
 11: ---------------
 10: | | | | | | | |
  9: | | | | | | | |
  8: | | | |S| | | |
  7: | | | | | | | |
  6: | | | | | | | |
  5: | | | |E| | | |
  4: | | | | | | | |
  3: | | |E| | | | |
  2: | | | | | | | |
  1: | | | | | | | |
  0: | | | | | | | |
 -1: ---------------

 y\x  0 1 2 3 4 5 6
 11: ---------------
 10: | | | | | | | |
  9: | | | | | | | |
  8: | | | |S| | | |
  7: | | | | | | | |
  6: | | | | | | | |
  5: | | | |E| | | |
  4: | | | | | | | |
  3: | | |S| | | | |
  2: | | | | | | | |
  1: | | | | | | | |
  0: | | | | | | | |
 -1: ---------------

 y\x  0 1 2 3 4 5 6
 11: ---------------
 10: | | | | | | | |
  9: | | | | | | | |
  8: | | | |W| | | |
  7: | | | | | | | |
  6: | | | | | | | |
  5: | | | |E| | | |
  4: | | | | | | | |
  3: | | |S| | | | |
  2: | | | | | | | |
  1: | | | | | | | |
  0: | | | | | | | |
 -1: ---------------

 y\x  0 1 2 3 4 5 6
 11: ---------------
 10: | | | | | | | |
  9: | | | | | | | |
  8: | | | |W| | | |
  7: | | | | | | | |
  6: | | | | | | | |
  5: | | |E| | | | |
  4: | | | | | | | |
  3: | | |S| | | | |
  2: | | | | | | | |
  1: | | | | | | | |
  0: | | | | | | | |
 -1: ---------------

]]></system-out>
  <system-err><![CDATA[]]></system-err>
</testsuite>
